<?xml version="1.0" encoding="UTF-8"?>
<testng-results skipped="0" failed="0" total="1" passed="1">
  <reporter-output>
  </reporter-output>
  <suite name="Default suite" duration-ms="9169" started-at="2020-02-04T10:09:50Z" finished-at="2020-02-04T10:09:59Z">
    <groups>
    </groups>
    <test name="Default test" duration-ms="9169" started-at="2020-02-04T10:09:50Z" finished-at="2020-02-04T10:09:59Z">
      <class name="Utility.utilities">
        <test-method status="PASS" signature="BrowserSetup()[pri:0, instance:Utility.utilities@5419f379]" name="BrowserSetup" is-config="true" duration-ms="7703" started-at="2020-02-04T15:39:42Z" finished-at="2020-02-04T15:39:50Z">
          <reporter-output>
          </reporter-output>
        </test-method> <!-- BrowserSetup -->
        <test-method status="PASS" signature="getData()[pri:0, instance:Utility.utilities@5419f379]" name="getData" duration-ms="9150" started-at="2020-02-04T15:39:50Z" finished-at="2020-02-04T15:39:59Z">
          <reporter-output>
          </reporter-output>
        </test-method> <!-- getData -->
      </class> <!-- Utility.utilities -->
    </test> <!-- Default test -->
  </suite> <!-- Default suite -->
</testng-results>
